{"level":"error","message":"Thu Feb 16 2023 19:40:36 GMT+0300 (East Africa Time)-{}","private":true}
{"level":"error","message":"Thu Feb 16 2023 19:41:11 GMT+0300 (East Africa Time)-{}","private":true}
{"level":"error","message":"Thu Feb 16 2023 19:45:49 GMT+0300 (East Africa Time)-{}","private":true}
{"level":"error","message":"Thu Feb 16 2023 19:47:07 GMT+0300 (East Africa Time)-{}","private":true}
{"level":"error","message":"Thu Feb 16 2023 19:47:37 GMT+0300 (East Africa Time)-{\"name\":\"Data Not found\",\"statusCode\":{},\"isOperational\":true}","private":true}
{"level":"error","message":"Thu Feb 16 2023 19:48:57 GMT+0300 (East Africa Time)-{\"name\":\"Data Not found\",\"statusCode\":{},\"isOperational\":true}","private":true}
{"level":"error","message":"Thu Feb 16 2023 19:49:28 GMT+0300 (East Africa Time)-{\"name\":\"Data Not found\",\"statusCode\":{},\"isOperational\":true}","private":true}
{"level":"error","message":"Thu Feb 16 2023 19:57:41 GMT+0300 (East Africa Time)-{\"name\":\"Data Not found\",\"statusCode\":{},\"isOperational\":true}","private":true}
{"level":"error","message":"Thu Feb 16 2023 19:58:12 GMT+0300 (East Africa Time)-{\"name\":\"Data Not found\",\"statusCode\":{},\"isOperational\":true}","private":true}
{"level":"error","message":"Thu Feb 16 2023 22:47:40 GMT+0300 (East Africa Time)-{}","private":true}
{"level":"error","message":"Thu Feb 16 2023 22:48:53 GMT+0300 (East Africa Time)-{}","private":true}
{"level":"error","message":"Thu Feb 16 2023 22:52:03 GMT+0300 (East Africa Time)-{}","private":true}
{"level":"error","message":"Fri Feb 17 2023 08:40:09 GMT+0300 (East Africa Time)-{}","private":true}
{"level":"error","message":"Fri Feb 17 2023 08:45:54 GMT+0300 (East Africa Time)-{}","private":true}
{"level":"error","message":"Fri Feb 17 2023 08:47:49 GMT+0300 (East Africa Time)-{}","private":true}
{"level":"error","message":"Fri Feb 17 2023 08:55:19 GMT+0300 (East Africa Time)-{}","private":true}
{"level":"error","message":"Fri Feb 17 2023 09:00:48 GMT+0300 (East Africa Time)-{}","private":true}
{"level":"error","message":"Fri Feb 17 2023 09:03:35 GMT+0300 (East Africa Time)-{}","private":true}
{"level":"error","message":"Fri Feb 17 2023 09:07:32 GMT+0300 (East Africa Time)-{}","private":true}
{"level":"error","message":"Fri Feb 17 2023 09:16:13 GMT+0300 (East Africa Time)-{}","private":true}
{"level":"error","message":"Fri Feb 17 2023 09:26:03 GMT+0300 (East Africa Time)-{}","private":true}
{"level":"error","message":"Fri Feb 17 2023 09:27:52 GMT+0300 (East Africa Time)-{}","private":true}
{"level":"error","message":"Fri Feb 17 2023 09:28:09 GMT+0300 (East Africa Time)-{}","private":true}
{"level":"error","message":"Fri Feb 17 2023 09:29:02 GMT+0300 (East Africa Time)-{}","private":true}
{"level":"error","message":"Fri Feb 17 2023 09:36:45 GMT+0300 (East Africa Time)-{\"name\":\"Data Not found\",\"statusCode\":{},\"isOperational\":true}","private":true}
{"level":"error","message":"Fri Feb 17 2023 09:37:08 GMT+0300 (East Africa Time)-{\"name\":\"Data Not found\",\"statusCode\":{},\"isOperational\":true}","private":true}
{"level":"error","message":"Fri Feb 17 2023 09:39:10 GMT+0300 (East Africa Time)-{\"name\":\"Data Not found\",\"statusCode\":{},\"isOperational\":true}","private":true}
{"level":"error","message":"Tue Feb 21 2023 08:35:02 GMT+0300 (East Africa Time)-{}","private":true}
{"level":"error","message":"Tue Feb 21 2023 08:48:18 GMT+0300 (East Africa Time)-{}","private":true}
{"level":"error","message":"Mon Feb 27 2023 15:15:38 GMT+0300 (East Africa Time)-{\"name\":\"Data Not found\",\"statusCode\":{},\"isOperational\":true}","private":true}
{"level":"error","message":"Mon Feb 27 2023 15:20:38 GMT+0300 (East Africa Time)-{\"name\":\"Data Not found\",\"statusCode\":{},\"isOperational\":true}","private":true}
{"level":"error","message":"Mon Feb 27 2023 15:21:09 GMT+0300 (East Africa Time)-{\"name\":\"Data Not found\",\"statusCode\":{},\"isOperational\":true}","private":true}
{"level":"error","message":"Mon Feb 27 2023 15:21:39 GMT+0300 (East Africa Time)-{\"name\":\"Data Not found\",\"statusCode\":{},\"isOperational\":true}","private":true}
{"level":"error","message":"Mon Feb 27 2023 15:26:44 GMT+0300 (East Africa Time)-{\"name\":\"Data Not found\",\"statusCode\":{},\"isOperational\":true}","private":true}
{"level":"error","message":"Mon Feb 27 2023 15:27:20 GMT+0300 (East Africa Time)-{\"name\":\"Data Not found\",\"statusCode\":{},\"isOperational\":true}","private":true}
{"level":"error","message":"Mon Feb 27 2023 15:30:44 GMT+0300 (East Africa Time)-{\"name\":\"Data Not found\",\"statusCode\":{},\"isOperational\":true}","private":true}
{"level":"error","message":"Mon Feb 27 2023 15:31:56 GMT+0300 (East Africa Time)-{\"name\":\"Data Not found\",\"statusCode\":{},\"isOperational\":true}","private":true}
{"level":"error","message":"Mon Feb 27 2023 15:32:55 GMT+0300 (East Africa Time)-{}","private":true}
{"level":"error","message":"Mon Feb 27 2023 15:33:06 GMT+0300 (East Africa Time)-{}","private":true}
{"level":"error","message":"Mon Feb 27 2023 15:34:49 GMT+0300 (East Africa Time)-{}","private":true}
{"level":"error","message":"Mon Feb 27 2023 15:35:08 GMT+0300 (East Africa Time)-{}","private":true}
{"level":"error","message":"Mon Feb 27 2023 15:36:27 GMT+0300 (East Africa Time)-{}","private":true}
{"level":"error","message":"Mon Feb 27 2023 15:44:24 GMT+0300 (East Africa Time)-{}","private":true}
{"level":"error","message":"Mon Feb 27 2023 15:44:46 GMT+0300 (East Africa Time)-{}","private":true}
{"level":"error","message":"Mon Feb 27 2023 15:55:36 GMT+0300 (East Africa Time)-{}","private":true}
{"level":"error","message":"Mon Feb 27 2023 16:07:30 GMT+0300 (East Africa Time)-{}","private":true}
{"level":"error","message":"Mon Feb 27 2023 16:07:41 GMT+0300 (East Africa Time)-{}","private":true}
{"level":"error","message":"Mon Feb 27 2023 16:08:07 GMT+0300 (East Africa Time)-{}","private":true}
{"level":"error","message":"Mon Feb 27 2023 16:09:44 GMT+0300 (East Africa Time)-{}","private":true}
